[debug] [2020-04-10T22:00:00.187Z] ----------------------------------------------------------------------
[debug] [2020-04-10T22:00:00.190Z] Command:       /usr/local/bin/node /usr/local/bin/firebase init
[debug] [2020-04-10T22:00:00.191Z] CLI Version:   8.0.2
[debug] [2020-04-10T22:00:00.191Z] Platform:      darwin
[debug] [2020-04-10T22:00:00.191Z] Node Version:  v13.7.0
[debug] [2020-04-10T22:00:00.200Z] Time:          Sat Apr 11 2020 00:00:00 GMT+0200 (hora de verano de Europa central)
[debug] [2020-04-10T22:00:00.200Z] ----------------------------------------------------------------------
[debug] [2020-04-10T22:00:00.201Z] 
[debug] [2020-04-10T22:00:00.213Z] > command requires scopes: ["email","openid","https://www.googleapis.com/auth/cloudplatformprojects.readonly","https://www.googleapis.com/auth/firebase","https://www.googleapis.com/auth/cloud-platform"]
[debug] [2020-04-10T22:00:00.213Z] > authorizing via signed-in user
[info] 
     ######## #### ########  ######## ########     ###     ######  ########
     ##        ##  ##     ## ##       ##     ##  ##   ##  ##       ##
     ######    ##  ########  ######   ########  #########  ######  ######
     ##        ##  ##    ##  ##       ##     ## ##     ##       ## ##
     ##       #### ##     ## ######## ########  ##     ##  ######  ########

You're about to initialize a Firebase project in this directory:

  /Users/ibi_what/Documents/rxjs-guide/rxjs-guide

[info] 
=== Project Setup
[info] 
[info] First, let's associate this project directory with a Firebase project.
[info] You can create multiple project aliases by running firebase use --add, 
[info] but for now we'll just set up a default project.
[info] 
[info] i  If you want to create a project in a Google Cloud organization or folder, please use "firebase projects:create" instead, and return to this command when you've created the project.
[debug] [2020-04-10T22:05:38.875Z] >>> HTTP REQUEST POST https://cloudresourcemanager.googleapis.com/v1/projects  
 {"projectId":"rxjs-guide","name":"rxjs-guide"}
[debug] [2020-04-10T22:05:40.113Z] <<< HTTP RESPONSE 409 {"vary":"X-Origin, Referer, Origin,Accept-Encoding","content-type":"application/json; charset=UTF-8","date":"Fri, 10 Apr 2020 22:05:39 GMT","server":"ESF","cache-control":"private","x-xss-protection":"0","x-frame-options":"SAMEORIGIN","x-content-type-options":"nosniff","server-timing":"gfet4t7; dur=862","alt-svc":"quic=\":443\"; ma=2592000; v=\"46,43\",h3-Q050=\":443\"; ma=2592000,h3-Q049=\":443\"; ma=2592000,h3-Q048=\":443\"; ma=2592000,h3-Q046=\":443\"; ma=2592000,h3-Q043=\":443\"; ma=2592000,h3-T050=\":443\"; ma=2592000","accept-ranges":"none","transfer-encoding":"chunked"}
[debug] [2020-04-10T22:05:40.113Z] <<< HTTP RESPONSE BODY {"error":{"code":409,"message":"Requested entity already exists","status":"ALREADY_EXISTS"}}
[debug] [2020-04-10T22:05:40.116Z] HTTP Error: 409, Requested entity already exists
[debug] [2020-04-10T22:05:40.203Z] FirebaseError: HTTP Error: 409, Requested entity already exists
    at module.exports (/usr/local/lib/node_modules/firebase-tools/lib/responseToError.js:38:12)
    at Request._callback (/usr/local/lib/node_modules/firebase-tools/lib/api.js:40:35)
    at Request.self.callback (/usr/local/lib/node_modules/firebase-tools/node_modules/request/request.js:185:22)
    at Request.emit (events.js:321:20)
    at Request.EventEmitter.emit (domain.js:485:12)
    at Request.<anonymous> (/usr/local/lib/node_modules/firebase-tools/node_modules/request/request.js:1154:10)
    at Request.emit (events.js:321:20)
    at Request.EventEmitter.emit (domain.js:485:12)
    at IncomingMessage.<anonymous> (/usr/local/lib/node_modules/firebase-tools/node_modules/request/request.js:1076:12)
    at Object.onceWrapper (events.js:427:28)
    at IncomingMessage.emit (events.js:333:22)
    at IncomingMessage.EventEmitter.emit (domain.js:485:12)
    at endReadableNT (_stream_readable.js:1201:12)
    at processTicksAndRejections (internal/process/task_queues.js:84:21)
[error] 
[error] Error: Failed to create Google Cloud project. See firebase-debug.log for more info.
